<?xml version="1.1" encoding="UTF-8"?>
<testsuite name="testGoogle.test.HomePageTest" tests="1" failures="1" errors="0" timestamp="1970-01-01T00:00:00" hostname="INjayachk.local" time="1.454748393268E9">
  <properties/>
  <testcase name="doGoogleSearch" classname="testGoogle.test.HomePageTest" time="12.213">
    <failure message="org.openqa.selenium.TimeoutException: Timed out after 10 seconds waiting for presence of element located by: By.className: _Tgc&#10;Build info: version: '2.41.0', revision: '3192d8a6c4449dc285928ba024779344f5423c58', time: '2014-03-27 11:29:39'&#10;System info: host: 'INjayachk.local', ip: '10.25.38.4', os.name: 'Mac OS X', os.arch: 'x86_64', os.version: '10.10.1', java.version: '1.8.0_40'&#10;Driver info: driver.version: unknown" type="org.gradle.messaging.remote.internal.PlaceholderException">org.openqa.selenium.TimeoutException: Timed out after 10 seconds waiting for presence of element located by: By.className: _Tgc
Build info: version: '2.41.0', revision: '3192d8a6c4449dc285928ba024779344f5423c58', time: '2014-03-27 11:29:39'
System info: host: 'INjayachk.local', ip: '10.25.38.4', os.name: 'Mac OS X', os.arch: 'x86_64', os.version: '10.10.1', java.version: '1.8.0_40'
Driver info: driver.version: unknown
	at org.openqa.selenium.support.ui.FluentWait.timeoutException(FluentWait.java:259)
	at org.openqa.selenium.support.ui.FluentWait.until(FluentWait.java:228)
	at testGoogle.framework.WebUi.findElementWithWait(WebUi.java:21)
	at testGoogle.framework.WebUi.getElement(WebUi.java:15)
	at testGoogle.pages.GoogleHomePage.readDefinitionBox(GoogleHomePage.java:30)
	at testGoogle.test.HomePageTest.doGoogleSearch(HomePageTest.java:15)
	at sun.reflect.NativeMethodAccessorImpl.invoke0(Native Method)
	at sun.reflect.NativeMethodAccessorImpl.invoke(NativeMethodAccessorImpl.java:62)
	at sun.reflect.DelegatingMethodAccessorImpl.invoke(DelegatingMethodAccessorImpl.java:43)
	at java.lang.reflect.Method.invoke(Method.java:497)
	at org.testng.internal.MethodInvocationHelper.invokeMethod(MethodInvocationHelper.java:80)
	at org.testng.internal.Invoker.invokeMethod(Invoker.java:673)
	at org.testng.internal.Invoker.invokeTestMethod(Invoker.java:842)
	at org.testng.internal.Invoker.invokeTestMethods(Invoker.java:1166)
	at org.testng.internal.TestMethodWorker.invokeTestMethods(TestMethodWorker.java:125)
	at org.testng.internal.TestMethodWorker.run(TestMethodWorker.java:109)
	at org.testng.TestRunner.runWorkers(TestRunner.java:1178)
	at org.testng.TestRunner.privateRun(TestRunner.java:757)
	at org.testng.TestRunner.run(TestRunner.java:608)
	at org.testng.SuiteRunner.runTest(SuiteRunner.java:334)
	at org.testng.SuiteRunner.runSequentially(SuiteRunner.java:329)
	at org.testng.SuiteRunner.privateRun(SuiteRunner.java:291)
	at org.testng.SuiteRunner.run(SuiteRunner.java:240)
	at org.testng.SuiteRunnerWorker.runSuite(SuiteRunnerWorker.java:52)
	at org.testng.SuiteRunnerWorker.run(SuiteRunnerWorker.java:86)
	at org.testng.TestNG.runSuitesSequentially(TestNG.java:1158)
	at org.testng.TestNG.runSuitesLocally(TestNG.java:1083)
	at org.testng.TestNG.run(TestNG.java:999)
	at org.gradle.api.internal.tasks.testing.testng.TestNGTestClassProcessor.stop(TestNGTestClassProcessor.java:110)
	at org.gradle.api.internal.tasks.testing.SuiteTestClassProcessor.stop(SuiteTestClassProcessor.java:58)
	at sun.reflect.NativeMethodAccessorImpl.invoke0(Native Method)
	at sun.reflect.NativeMethodAccessorImpl.invoke(NativeMethodAccessorImpl.java:62)
	at sun.reflect.DelegatingMethodAccessorImpl.invoke(DelegatingMethodAccessorImpl.java:43)
	at java.lang.reflect.Method.invoke(Method.java:497)
	at org.gradle.messaging.dispatch.ReflectionDispatch.dispatch(ReflectionDispatch.java:35)
	at org.gradle.messaging.dispatch.ReflectionDispatch.dispatch(ReflectionDispatch.java:24)
	at org.gradle.messaging.dispatch.ContextClassLoaderDispatch.dispatch(ContextClassLoaderDispatch.java:32)
	at org.gradle.messaging.dispatch.ProxyDispatchAdapter$DispatchingInvocationHandler.invoke(ProxyDispatchAdapter.java:93)
	at com.sun.proxy.$Proxy2.stop(Unknown Source)
	at org.gradle.api.internal.tasks.testing.worker.TestWorker.stop(TestWorker.java:113)
	at sun.reflect.NativeMethodAccessorImpl.invoke0(Native Method)
	at sun.reflect.NativeMethodAccessorImpl.invoke(NativeMethodAccessorImpl.java:62)
	at sun.reflect.DelegatingMethodAccessorImpl.invoke(DelegatingMethodAccessorImpl.java:43)
	at java.lang.reflect.Method.invoke(Method.java:497)
	at org.gradle.messaging.dispatch.ReflectionDispatch.dispatch(ReflectionDispatch.java:35)
	at org.gradle.messaging.dispatch.ReflectionDispatch.dispatch(ReflectionDispatch.java:24)
	at org.gradle.messaging.remote.internal.hub.MessageHub$Handler.run(MessageHub.java:355)
	at org.gradle.internal.concurrent.DefaultExecutorFactory$StoppableExecutorImpl$1.run(DefaultExecutorFactory.java:66)
	at java.util.concurrent.ThreadPoolExecutor.runWorker(ThreadPoolExecutor.java:1142)
	at java.util.concurrent.ThreadPoolExecutor$Worker.run(ThreadPoolExecutor.java:617)
	at java.lang.Thread.run(Thread.java:745)
Caused by: org.openqa.selenium.NoSuchElementException: Returned node was not an HTML element
For documentation on this error, please visit: http://seleniumhq.org/exceptions/no_such_element.html
Build info: version: '2.41.0', revision: '3192d8a6c4449dc285928ba024779344f5423c58', time: '2014-03-27 11:29:39'
System info: host: 'INjayachk.local', ip: '10.25.38.4', os.name: 'Mac OS X', os.arch: 'x86_64', os.version: '10.10.1', java.version: '1.8.0_40'
Driver info: driver.version: HtmlUnitDriver
	at org.openqa.selenium.htmlunit.HtmlUnitDriver.findElementByCssSelector(HtmlUnitDriver.java:954)
	at org.openqa.selenium.htmlunit.HtmlUnitDriver.findElementByClassName(HtmlUnitDriver.java:927)
	at org.openqa.selenium.By$ByClassName.findElement(By.java:387)
	at org.openqa.selenium.htmlunit.HtmlUnitDriver$5.call(HtmlUnitDriver.java:1567)
	at org.openqa.selenium.htmlunit.HtmlUnitDriver$5.call(HtmlUnitDriver.java:1564)
	at org.openqa.selenium.htmlunit.HtmlUnitDriver.implicitlyWaitFor(HtmlUnitDriver.java:1243)
	at org.openqa.selenium.htmlunit.HtmlUnitDriver.findElement(HtmlUnitDriver.java:1564)
	at org.openqa.selenium.htmlunit.HtmlUnitDriver.findElement(HtmlUnitDriver.java:532)
	at org.openqa.selenium.support.ui.ExpectedConditions.findElement(ExpectedConditions.java:730)
	at org.openqa.selenium.support.ui.ExpectedConditions.access$000(ExpectedConditions.java:39)
	at org.openqa.selenium.support.ui.ExpectedConditions$3.apply(ExpectedConditions.java:106)
	at org.openqa.selenium.support.ui.ExpectedConditions$3.apply(ExpectedConditions.java:103)
	at org.openqa.selenium.support.ui.FluentWait.until(FluentWait.java:208)
	... 49 more
</failure>
  </testcase>
  <system-out><![CDATA[]]></system-out>
  <system-err><![CDATA[Feb 06, 2016 2:16:21 PM com.gargoylesoftware.htmlunit.IncorrectnessListenerImpl notify
WARNING: Obsolete content type encountered: 'text/javascript'.
Feb 06, 2016 2:16:21 PM com.gargoylesoftware.htmlunit.DefaultCssErrorHandler error
WARNING: CSS error: 'http://www.google.co.in/?gfe_rd=cr&ei=3bK1VoP9CueK8QePrIKoBg' [1:1419] Error in style rule. (Invalid token ":". Was expecting one of: <EOF>, <S>, <NUMBER>, "inherit", <IDENT>, <STRING>, <PLUS>, <COMMA>, <HASH>, <IMPORTANT_SYM>, <EMS>, <EXS>, <LENGTH_PX>, <LENGTH_CM>, <LENGTH_MM>, <LENGTH_IN>, <LENGTH_PT>, <LENGTH_PC>, <ANGLE_DEG>, <ANGLE_RAD>, <ANGLE_GRAD>, <TIME_MS>, <TIME_S>, <FREQ_HZ>, <FREQ_KHZ>, <PERCENTAGE>, <DIMENSION>, <URI>, <FUNCTION>, "}", ";", "/", "-".)
Feb 06, 2016 2:16:21 PM com.gargoylesoftware.htmlunit.DefaultCssErrorHandler warning
WARNING: CSS warning: 'http://www.google.co.in/?gfe_rd=cr&ei=3bK1VoP9CueK8QePrIKoBg' [1:1419] Ignoring the following declarations in this rule.
Feb 06, 2016 2:16:21 PM com.gargoylesoftware.htmlunit.DefaultCssErrorHandler error
WARNING: CSS error: 'http://www.google.co.in/?gfe_rd=cr&ei=3bK1VoP9CueK8QePrIKoBg' [1:2203] Error in style rule. (Invalid token "*". Was expecting one of: <EOF>, <S>, <IDENT>, "}", ";".)
Feb 06, 2016 2:16:21 PM com.gargoylesoftware.htmlunit.DefaultCssErrorHandler warning
WARNING: CSS warning: 'http://www.google.co.in/?gfe_rd=cr&ei=3bK1VoP9CueK8QePrIKoBg' [1:2203] Ignoring the following declarations in this rule.
Feb 06, 2016 2:16:21 PM com.gargoylesoftware.htmlunit.DefaultCssErrorHandler error
WARNING: CSS error: 'http://www.google.co.in/?gfe_rd=cr&ei=3bK1VoP9CueK8QePrIKoBg' [1:2543] Error in style rule. (Invalid token "*". Was expecting one of: <EOF>, <S>, <IDENT>, "}", ";".)
Feb 06, 2016 2:16:21 PM com.gargoylesoftware.htmlunit.DefaultCssErrorHandler warning
WARNING: CSS warning: 'http://www.google.co.in/?gfe_rd=cr&ei=3bK1VoP9CueK8QePrIKoBg' [1:2543] Ignoring the following declarations in this rule.
Feb 06, 2016 2:16:21 PM com.gargoylesoftware.htmlunit.DefaultCssErrorHandler error
WARNING: CSS error: 'http://www.google.co.in/?gfe_rd=cr&ei=3bK1VoP9CueK8QePrIKoBg' [1:2616] Error in style rule. (Invalid token "*". Was expecting one of: <EOF>, <S>, <IDENT>, "}", ";".)
Feb 06, 2016 2:16:21 PM com.gargoylesoftware.htmlunit.DefaultCssErrorHandler warning
WARNING: CSS warning: 'http://www.google.co.in/?gfe_rd=cr&ei=3bK1VoP9CueK8QePrIKoBg' [1:2616] Ignoring the following declarations in this rule.
Feb 06, 2016 2:16:21 PM com.gargoylesoftware.htmlunit.DefaultCssErrorHandler error
WARNING: CSS error: 'http://www.google.co.in/?gfe_rd=cr&ei=3bK1VoP9CueK8QePrIKoBg' [1:3194] Error in style rule. (Invalid token "*". Was expecting one of: <EOF>, <S>, <IDENT>, "}", ";".)
Feb 06, 2016 2:16:21 PM com.gargoylesoftware.htmlunit.DefaultCssErrorHandler warning
WARNING: CSS warning: 'http://www.google.co.in/?gfe_rd=cr&ei=3bK1VoP9CueK8QePrIKoBg' [1:3194] Ignoring the following declarations in this rule.
Feb 06, 2016 2:16:21 PM com.gargoylesoftware.htmlunit.DefaultCssErrorHandler error
WARNING: CSS error: 'http://www.google.co.in/?gfe_rd=cr&ei=3bK1VoP9CueK8QePrIKoBg' [1:3701] Error in style rule. (Invalid token "*". Was expecting one of: <EOF>, <S>, <IDENT>, "}", ";".)
Feb 06, 2016 2:16:21 PM com.gargoylesoftware.htmlunit.DefaultCssErrorHandler warning
WARNING: CSS warning: 'http://www.google.co.in/?gfe_rd=cr&ei=3bK1VoP9CueK8QePrIKoBg' [1:3701] Ignoring the following declarations in this rule.
Feb 06, 2016 2:16:21 PM com.gargoylesoftware.htmlunit.DefaultCssErrorHandler error
WARNING: CSS error: 'http://www.google.co.in/?gfe_rd=cr&ei=3bK1VoP9CueK8QePrIKoBg' [1:3761] Error in style rule. (Invalid token "*". Was expecting one of: <EOF>, <S>, <IDENT>, "}", ";".)
Feb 06, 2016 2:16:21 PM com.gargoylesoftware.htmlunit.DefaultCssErrorHandler warning
WARNING: CSS warning: 'http://www.google.co.in/?gfe_rd=cr&ei=3bK1VoP9CueK8QePrIKoBg' [1:3761] Ignoring the following declarations in this rule.
Feb 06, 2016 2:16:21 PM com.gargoylesoftware.htmlunit.DefaultCssErrorHandler error
WARNING: CSS error: 'http://www.google.co.in/?gfe_rd=cr&ei=3bK1VoP9CueK8QePrIKoBg' [1:4196] Error in style rule. (Invalid token "*". Was expecting one of: <EOF>, <S>, <IDENT>, "}", ";".)
Feb 06, 2016 2:16:21 PM com.gargoylesoftware.htmlunit.DefaultCssErrorHandler warning
WARNING: CSS warning: 'http://www.google.co.in/?gfe_rd=cr&ei=3bK1VoP9CueK8QePrIKoBg' [1:4196] Ignoring the following declarations in this rule.
Feb 06, 2016 2:16:21 PM com.gargoylesoftware.htmlunit.DefaultCssErrorHandler error
WARNING: CSS error: 'http://www.google.co.in/?gfe_rd=cr&ei=3bK1VoP9CueK8QePrIKoBg' [1:4960] Error in style rule. (Invalid token "*". Was expecting one of: <EOF>, <S>, <IDENT>, "}", ";".)
Feb 06, 2016 2:16:21 PM com.gargoylesoftware.htmlunit.DefaultCssErrorHandler warning
WARNING: CSS warning: 'http://www.google.co.in/?gfe_rd=cr&ei=3bK1VoP9CueK8QePrIKoBg' [1:4960] Ignoring the following declarations in this rule.
Feb 06, 2016 2:16:21 PM com.gargoylesoftware.htmlunit.DefaultCssErrorHandler error
WARNING: CSS error: 'http://www.google.co.in/?gfe_rd=cr&ei=3bK1VoP9CueK8QePrIKoBg' [1:6103] Error in style rule. (Invalid token "*". Was expecting one of: <EOF>, <S>, <IDENT>, "}", ";".)
Feb 06, 2016 2:16:21 PM com.gargoylesoftware.htmlunit.DefaultCssErrorHandler warning
WARNING: CSS warning: 'http://www.google.co.in/?gfe_rd=cr&ei=3bK1VoP9CueK8QePrIKoBg' [1:6103] Ignoring the following declarations in this rule.
Feb 06, 2016 2:16:21 PM com.gargoylesoftware.htmlunit.DefaultCssErrorHandler error
WARNING: CSS error: 'http://www.google.co.in/?gfe_rd=cr&ei=3bK1VoP9CueK8QePrIKoBg' [1:6338] Error in style rule. (Invalid token "*". Was expecting one of: <EOF>, <S>, <IDENT>, "}", ";".)
Feb 06, 2016 2:16:21 PM com.gargoylesoftware.htmlunit.DefaultCssErrorHandler warning
WARNING: CSS warning: 'http://www.google.co.in/?gfe_rd=cr&ei=3bK1VoP9CueK8QePrIKoBg' [1:6338] Ignoring the following declarations in this rule.
Feb 06, 2016 2:16:21 PM com.gargoylesoftware.htmlunit.DefaultCssErrorHandler error
WARNING: CSS error: 'http://www.google.co.in/?gfe_rd=cr&ei=3bK1VoP9CueK8QePrIKoBg' [1:6781] Error in style rule. (Invalid token "*". Was expecting one of: <EOF>, <S>, <IDENT>, "}", ";".)
Feb 06, 2016 2:16:21 PM com.gargoylesoftware.htmlunit.DefaultCssErrorHandler warning
WARNING: CSS warning: 'http://www.google.co.in/?gfe_rd=cr&ei=3bK1VoP9CueK8QePrIKoBg' [1:6781] Ignoring the following declarations in this rule.
Feb 06, 2016 2:16:21 PM com.gargoylesoftware.htmlunit.DefaultCssErrorHandler error
WARNING: CSS error: 'http://www.google.co.in/?gfe_rd=cr&ei=3bK1VoP9CueK8QePrIKoBg' [1:6938] Error in style rule. (Invalid token "*". Was expecting one of: <EOF>, <S>, <IDENT>, "}", ";".)
Feb 06, 2016 2:16:21 PM com.gargoylesoftware.htmlunit.DefaultCssErrorHandler warning
WARNING: CSS warning: 'http://www.google.co.in/?gfe_rd=cr&ei=3bK1VoP9CueK8QePrIKoBg' [1:6938] Ignoring the following declarations in this rule.
Feb 06, 2016 2:16:21 PM com.gargoylesoftware.htmlunit.DefaultCssErrorHandler error
WARNING: CSS error: 'http://www.google.co.in/?gfe_rd=cr&ei=3bK1VoP9CueK8QePrIKoBg' [1:7010] Error in style rule. (Invalid token "*". Was expecting one of: <EOF>, <S>, <IDENT>, "}", ";".)
Feb 06, 2016 2:16:21 PM com.gargoylesoftware.htmlunit.DefaultCssErrorHandler warning
WARNING: CSS warning: 'http://www.google.co.in/?gfe_rd=cr&ei=3bK1VoP9CueK8QePrIKoBg' [1:7010] Ignoring the following declarations in this rule.
Feb 06, 2016 2:16:21 PM com.gargoylesoftware.htmlunit.DefaultCssErrorHandler error
WARNING: CSS error: 'http://www.google.co.in/?gfe_rd=cr&ei=3bK1VoP9CueK8QePrIKoBg' [1:7352] Error in style rule. (Invalid token "*". Was expecting one of: <EOF>, <S>, <IDENT>, "}", ";".)
Feb 06, 2016 2:16:21 PM com.gargoylesoftware.htmlunit.DefaultCssErrorHandler warning
WARNING: CSS warning: 'http://www.google.co.in/?gfe_rd=cr&ei=3bK1VoP9CueK8QePrIKoBg' [1:7352] Ignoring the following declarations in this rule.
Feb 06, 2016 2:16:21 PM com.gargoylesoftware.htmlunit.DefaultCssErrorHandler error
WARNING: CSS error: 'http://www.google.co.in/?gfe_rd=cr&ei=3bK1VoP9CueK8QePrIKoBg' [2:199] Error in style rule. (Invalid token "*". Was expecting one of: <EOF>, <S>, <IDENT>, "}", ";".)
Feb 06, 2016 2:16:21 PM com.gargoylesoftware.htmlunit.DefaultCssErrorHandler warning
WARNING: CSS warning: 'http://www.google.co.in/?gfe_rd=cr&ei=3bK1VoP9CueK8QePrIKoBg' [2:199] Ignoring the following declarations in this rule.
Feb 06, 2016 2:16:21 PM com.gargoylesoftware.htmlunit.DefaultCssErrorHandler error
WARNING: CSS error: 'http://www.google.co.in/?gfe_rd=cr&ei=3bK1VoP9CueK8QePrIKoBg' [2:1361] Error in expression. (Invalid token "from(". Was expecting one of: <S>, <NUMBER>, <IDENT>, <STRING>, <PLUS>, <COMMA>, <EMS>, <EXS>, <LENGTH_PX>, <LENGTH_CM>, <LENGTH_MM>, <LENGTH_IN>, <LENGTH_PT>, <LENGTH_PC>, <ANGLE_DEG>, <ANGLE_RAD>, <ANGLE_GRAD>, <TIME_MS>, <TIME_S>, <FREQ_HZ>, <FREQ_KHZ>, <PERCENTAGE>, <URI>, "-", "=", ")".)
Feb 06, 2016 2:16:21 PM com.gargoylesoftware.htmlunit.DefaultCssErrorHandler error
WARNING: CSS error: 'http://www.google.co.in/?gfe_rd=cr&ei=3bK1VoP9CueK8QePrIKoBg' [2:1388] Error in style rule. (Invalid token "background-image". Was expecting one of: <EOF>, "}", ";".)
Feb 06, 2016 2:16:21 PM com.gargoylesoftware.htmlunit.DefaultCssErrorHandler warning
WARNING: CSS warning: 'http://www.google.co.in/?gfe_rd=cr&ei=3bK1VoP9CueK8QePrIKoBg' [2:1388] Ignoring the following declarations in this rule.
Feb 06, 2016 2:16:21 PM com.gargoylesoftware.htmlunit.DefaultCssErrorHandler error
WARNING: CSS error: 'http://www.google.co.in/?gfe_rd=cr&ei=3bK1VoP9CueK8QePrIKoBg' [2:2017] Error in expression. (Invalid token "from(". Was expecting one of: <S>, <NUMBER>, <IDENT>, <STRING>, <PLUS>, <COMMA>, <EMS>, <EXS>, <LENGTH_PX>, <LENGTH_CM>, <LENGTH_MM>, <LENGTH_IN>, <LENGTH_PT>, <LENGTH_PC>, <ANGLE_DEG>, <ANGLE_RAD>, <ANGLE_GRAD>, <TIME_MS>, <TIME_S>, <FREQ_HZ>, <FREQ_KHZ>, <PERCENTAGE>, <URI>, "-", "=", ")".)
Feb 06, 2016 2:16:21 PM com.gargoylesoftware.htmlunit.DefaultCssErrorHandler error
WARNING: CSS error: 'http://www.google.co.in/?gfe_rd=cr&ei=3bK1VoP9CueK8QePrIKoBg' [2:2044] Error in style rule. (Invalid token "background-image". Was expecting one of: <EOF>, "}", ";".)
Feb 06, 2016 2:16:21 PM com.gargoylesoftware.htmlunit.DefaultCssErrorHandler warning
WARNING: CSS warning: 'http://www.google.co.in/?gfe_rd=cr&ei=3bK1VoP9CueK8QePrIKoBg' [2:2044] Ignoring the following declarations in this rule.
Feb 06, 2016 2:16:21 PM com.gargoylesoftware.htmlunit.DefaultCssErrorHandler error
WARNING: CSS error: 'http://www.google.co.in/?gfe_rd=cr&ei=3bK1VoP9CueK8QePrIKoBg' [2:2619] Error in expression. (Invalid token "from(". Was expecting one of: <S>, <NUMBER>, <IDENT>, <STRING>, <PLUS>, <COMMA>, <EMS>, <EXS>, <LENGTH_PX>, <LENGTH_CM>, <LENGTH_MM>, <LENGTH_IN>, <LENGTH_PT>, <LENGTH_PC>, <ANGLE_DEG>, <ANGLE_RAD>, <ANGLE_GRAD>, <TIME_MS>, <TIME_S>, <FREQ_HZ>, <FREQ_KHZ>, <PERCENTAGE>, <URI>, "-", "=", ")".)
Feb 06, 2016 2:16:21 PM com.gargoylesoftware.htmlunit.DefaultCssErrorHandler error
WARNING: CSS error: 'http://www.google.co.in/?gfe_rd=cr&ei=3bK1VoP9CueK8QePrIKoBg' [2:2646] Error in style rule. (Invalid token "background-image". Was expecting one of: <EOF>, "}", ";".)
Feb 06, 2016 2:16:21 PM com.gargoylesoftware.htmlunit.DefaultCssErrorHandler warning
WARNING: CSS warning: 'http://www.google.co.in/?gfe_rd=cr&ei=3bK1VoP9CueK8QePrIKoBg' [2:2646] Ignoring the following declarations in this rule.
Feb 06, 2016 2:16:21 PM com.gargoylesoftware.htmlunit.DefaultCssErrorHandler error
WARNING: CSS error: 'http://www.google.co.in/?gfe_rd=cr&ei=3bK1VoP9CueK8QePrIKoBg' [2:3151] Error in expression. (Invalid token "from(". Was expecting one of: <S>, <NUMBER>, <IDENT>, <STRING>, <PLUS>, <COMMA>, <EMS>, <EXS>, <LENGTH_PX>, <LENGTH_CM>, <LENGTH_MM>, <LENGTH_IN>, <LENGTH_PT>, <LENGTH_PC>, <ANGLE_DEG>, <ANGLE_RAD>, <ANGLE_GRAD>, <TIME_MS>, <TIME_S>, <FREQ_HZ>, <FREQ_KHZ>, <PERCENTAGE>, <URI>, "-", "=", ")".)
Feb 06, 2016 2:16:21 PM com.gargoylesoftware.htmlunit.DefaultCssErrorHandler error
WARNING: CSS error: 'http://www.google.co.in/?gfe_rd=cr&ei=3bK1VoP9CueK8QePrIKoBg' [2:3178] Error in style rule. (Invalid token "background-image". Was expecting one of: <EOF>, "}", ";".)
Feb 06, 2016 2:16:21 PM com.gargoylesoftware.htmlunit.DefaultCssErrorHandler warning
WARNING: CSS warning: 'http://www.google.co.in/?gfe_rd=cr&ei=3bK1VoP9CueK8QePrIKoBg' [2:3178] Ignoring the following declarations in this rule.
Feb 06, 2016 2:16:21 PM com.gargoylesoftware.htmlunit.DefaultCssErrorHandler error
WARNING: CSS error: 'http://www.google.co.in/?gfe_rd=cr&ei=3bK1VoP9CueK8QePrIKoBg' [2:3657] Error in expression. (Invalid token "from(". Was expecting one of: <S>, <NUMBER>, <IDENT>, <STRING>, <PLUS>, <COMMA>, <EMS>, <EXS>, <LENGTH_PX>, <LENGTH_CM>, <LENGTH_MM>, <LENGTH_IN>, <LENGTH_PT>, <LENGTH_PC>, <ANGLE_DEG>, <ANGLE_RAD>, <ANGLE_GRAD>, <TIME_MS>, <TIME_S>, <FREQ_HZ>, <FREQ_KHZ>, <PERCENTAGE>, <URI>, "-", "=", ")".)
Feb 06, 2016 2:16:21 PM com.gargoylesoftware.htmlunit.DefaultCssErrorHandler error
WARNING: CSS error: 'http://www.google.co.in/?gfe_rd=cr&ei=3bK1VoP9CueK8QePrIKoBg' [2:3681] Error in style rule. (Invalid token "background-image". Was expecting one of: <EOF>, "}", ";".)
Feb 06, 2016 2:16:21 PM com.gargoylesoftware.htmlunit.DefaultCssErrorHandler warning
WARNING: CSS warning: 'http://www.google.co.in/?gfe_rd=cr&ei=3bK1VoP9CueK8QePrIKoBg' [2:3681] Ignoring the following declarations in this rule.
Feb 06, 2016 2:16:21 PM com.gargoylesoftware.htmlunit.DefaultCssErrorHandler error
WARNING: CSS error: 'http://www.google.co.in/?gfe_rd=cr&ei=3bK1VoP9CueK8QePrIKoBg' [2:4168] Error in expression. (Invalid token "from(". Was expecting one of: <S>, <NUMBER>, <IDENT>, <STRING>, <PLUS>, <COMMA>, <EMS>, <EXS>, <LENGTH_PX>, <LENGTH_CM>, <LENGTH_MM>, <LENGTH_IN>, <LENGTH_PT>, <LENGTH_PC>, <ANGLE_DEG>, <ANGLE_RAD>, <ANGLE_GRAD>, <TIME_MS>, <TIME_S>, <FREQ_HZ>, <FREQ_KHZ>, <PERCENTAGE>, <URI>, "-", "=", ")".)
Feb 06, 2016 2:16:21 PM com.gargoylesoftware.htmlunit.DefaultCssErrorHandler error
WARNING: CSS error: 'http://www.google.co.in/?gfe_rd=cr&ei=3bK1VoP9CueK8QePrIKoBg' [2:4192] Error in style rule. (Invalid token "background-image". Was expecting one of: <EOF>, "}", ";".)
Feb 06, 2016 2:16:21 PM com.gargoylesoftware.htmlunit.DefaultCssErrorHandler warning
WARNING: CSS warning: 'http://www.google.co.in/?gfe_rd=cr&ei=3bK1VoP9CueK8QePrIKoBg' [2:4192] Ignoring the following declarations in this rule.
Feb 06, 2016 2:16:21 PM com.gargoylesoftware.htmlunit.DefaultCssErrorHandler error
WARNING: CSS error: 'http://www.google.co.in/?gfe_rd=cr&ei=3bK1VoP9CueK8QePrIKoBg' [3:117] Error in style rule. (Invalid token "*". Was expecting one of: <EOF>, <S>, <IDENT>, "}", ";".)
Feb 06, 2016 2:16:21 PM com.gargoylesoftware.htmlunit.DefaultCssErrorHandler warning
WARNING: CSS warning: 'http://www.google.co.in/?gfe_rd=cr&ei=3bK1VoP9CueK8QePrIKoBg' [3:117] Ignoring the following declarations in this rule.
Feb 06, 2016 2:16:21 PM com.gargoylesoftware.htmlunit.DefaultCssErrorHandler error
WARNING: CSS error: 'http://www.google.co.in/?gfe_rd=cr&ei=3bK1VoP9CueK8QePrIKoBg' [3:243] Error in expression. (Invalid token "color-stop(". Was expecting one of: <S>, <NUMBER>, <IDENT>, <STRING>, <PLUS>, <COMMA>, <EMS>, <EXS>, <LENGTH_PX>, <LENGTH_CM>, <LENGTH_MM>, <LENGTH_IN>, <LENGTH_PT>, <LENGTH_PC>, <ANGLE_DEG>, <ANGLE_RAD>, <ANGLE_GRAD>, <TIME_MS>, <TIME_S>, <FREQ_HZ>, <FREQ_KHZ>, <PERCENTAGE>, <URI>, "-", "=", ")".)
Feb 06, 2016 2:16:21 PM com.gargoylesoftware.htmlunit.DefaultCssErrorHandler error
WARNING: CSS error: 'http://www.google.co.in/?gfe_rd=cr&ei=3bK1VoP9CueK8QePrIKoBg' [3:332] Error in style rule. (Invalid token "left". Was expecting one of: <EOF>, "}", ";".)
Feb 06, 2016 2:16:21 PM com.gargoylesoftware.htmlunit.DefaultCssErrorHandler warning
WARNING: CSS warning: 'http://www.google.co.in/?gfe_rd=cr&ei=3bK1VoP9CueK8QePrIKoBg' [3:332] Ignoring the following declarations in this rule.
Feb 06, 2016 2:16:21 PM com.gargoylesoftware.htmlunit.DefaultCssErrorHandler error
WARNING: CSS error: 'http://www.google.co.in/?gfe_rd=cr&ei=3bK1VoP9CueK8QePrIKoBg' [3:572] Error in expression. (Invalid token "from(". Was expecting one of: <S>, <NUMBER>, <IDENT>, <STRING>, <PLUS>, <COMMA>, <EMS>, <EXS>, <LENGTH_PX>, <LENGTH_CM>, <LENGTH_MM>, <LENGTH_IN>, <LENGTH_PT>, <LENGTH_PC>, <ANGLE_DEG>, <ANGLE_RAD>, <ANGLE_GRAD>, <TIME_MS>, <TIME_S>, <FREQ_HZ>, <FREQ_KHZ>, <PERCENTAGE>, <URI>, "-", "=", ")".)
Feb 06, 2016 2:16:21 PM com.gargoylesoftware.htmlunit.DefaultCssErrorHandler error
WARNING: CSS error: 'http://www.google.co.in/?gfe_rd=cr&ei=3bK1VoP9CueK8QePrIKoBg' [3:612] Error in style rule. (Invalid token "background-image". Was expecting one of: <EOF>, "}", ";".)
Feb 06, 2016 2:16:21 PM com.gargoylesoftware.htmlunit.DefaultCssErrorHandler warning
WARNING: CSS warning: 'http://www.google.co.in/?gfe_rd=cr&ei=3bK1VoP9CueK8QePrIKoBg' [3:612] Ignoring the following declarations in this rule.
Feb 06, 2016 2:16:21 PM com.gargoylesoftware.htmlunit.DefaultCssErrorHandler error
WARNING: CSS error: 'http://www.google.co.in/?gfe_rd=cr&ei=3bK1VoP9CueK8QePrIKoBg' [3:1145] Error in expression. (Invalid token "color-stop(". Was expecting one of: <S>, <NUMBER>, <IDENT>, <STRING>, <PLUS>, <COMMA>, <EMS>, <EXS>, <LENGTH_PX>, <LENGTH_CM>, <LENGTH_MM>, <LENGTH_IN>, <LENGTH_PT>, <LENGTH_PC>, <ANGLE_DEG>, <ANGLE_RAD>, <ANGLE_GRAD>, <TIME_MS>, <TIME_S>, <FREQ_HZ>, <FREQ_KHZ>, <PERCENTAGE>, <URI>, "-", "=", ")".)
Feb 06, 2016 2:16:21 PM com.gargoylesoftware.htmlunit.DefaultCssErrorHandler error
WARNING: CSS error: 'http://www.google.co.in/?gfe_rd=cr&ei=3bK1VoP9CueK8QePrIKoBg' [3:1234] Error in style rule. (Invalid token "background". Was expecting one of: <EOF>, "}", ";".)
Feb 06, 2016 2:16:21 PM com.gargoylesoftware.htmlunit.DefaultCssErrorHandler warning
WARNING: CSS warning: 'http://www.google.co.in/?gfe_rd=cr&ei=3bK1VoP9CueK8QePrIKoBg' [3:1234] Ignoring the following declarations in this rule.
Feb 06, 2016 2:16:21 PM com.gargoylesoftware.htmlunit.DefaultCssErrorHandler error
WARNING: CSS error: 'http://www.google.co.in/?gfe_rd=cr&ei=3bK1VoP9CueK8QePrIKoBg' [1:355] Error in expression. (Invalid token "from(". Was expecting one of: <S>, <NUMBER>, <IDENT>, <STRING>, <PLUS>, <COMMA>, <EMS>, <EXS>, <LENGTH_PX>, <LENGTH_CM>, <LENGTH_MM>, <LENGTH_IN>, <LENGTH_PT>, <LENGTH_PC>, <ANGLE_DEG>, <ANGLE_RAD>, <ANGLE_GRAD>, <TIME_MS>, <TIME_S>, <FREQ_HZ>, <FREQ_KHZ>, <PERCENTAGE>, <URI>, "-", "=", ")".)
Feb 06, 2016 2:16:21 PM com.gargoylesoftware.htmlunit.DefaultCssErrorHandler error
WARNING: CSS error: 'http://www.google.co.in/?gfe_rd=cr&ei=3bK1VoP9CueK8QePrIKoBg' [1:382] Error in style rule. (Invalid token "background-image". Was expecting one of: <EOF>, "}", ";".)
Feb 06, 2016 2:16:21 PM com.gargoylesoftware.htmlunit.DefaultCssErrorHandler warning
WARNING: CSS warning: 'http://www.google.co.in/?gfe_rd=cr&ei=3bK1VoP9CueK8QePrIKoBg' [1:382] Ignoring the following declarations in this rule.
Feb 06, 2016 2:16:21 PM com.gargoylesoftware.htmlunit.DefaultCssErrorHandler error
WARNING: CSS error: 'http://www.google.co.in/?gfe_rd=cr&ei=3bK1VoP9CueK8QePrIKoBg' [1:905] Error in expression. (Invalid token "from(". Was expecting one of: <S>, <NUMBER>, <IDENT>, <STRING>, <PLUS>, <COMMA>, <EMS>, <EXS>, <LENGTH_PX>, <LENGTH_CM>, <LENGTH_MM>, <LENGTH_IN>, <LENGTH_PT>, <LENGTH_PC>, <ANGLE_DEG>, <ANGLE_RAD>, <ANGLE_GRAD>, <TIME_MS>, <TIME_S>, <FREQ_HZ>, <FREQ_KHZ>, <PERCENTAGE>, <URI>, "-", "=", ")".)
Feb 06, 2016 2:16:21 PM com.gargoylesoftware.htmlunit.DefaultCssErrorHandler error
WARNING: CSS error: 'http://www.google.co.in/?gfe_rd=cr&ei=3bK1VoP9CueK8QePrIKoBg' [1:932] Error in style rule. (Invalid token "background-image". Was expecting one of: <EOF>, "}", ";".)
Feb 06, 2016 2:16:21 PM com.gargoylesoftware.htmlunit.DefaultCssErrorHandler warning
WARNING: CSS warning: 'http://www.google.co.in/?gfe_rd=cr&ei=3bK1VoP9CueK8QePrIKoBg' [1:932] Ignoring the following declarations in this rule.
Feb 06, 2016 2:16:22 PM com.gargoylesoftware.htmlunit.javascript.host.html.HTMLElement addBehavior
WARNING: Unimplemented behavior: #default#userdata
Feb 06, 2016 2:16:22 PM com.gargoylesoftware.htmlunit.DefaultCssErrorHandler error
WARNING: CSS error: 'http://www.google.co.in/search?hl=en-IN&source=hp&biw=&bih=&q=selenium&gbv=2&oq=selenium&gs_l=heirloom-hp.12...0.0.0.10.0.0.0.0.0.0.0.0..0.0....0...1ac..34.heirloom-hp..0.0.0.dYmn2e3urEs' [1:1419] Error in style rule. (Invalid token ":". Was expecting one of: <EOF>, <S>, <NUMBER>, "inherit", <IDENT>, <STRING>, <PLUS>, <COMMA>, <HASH>, <IMPORTANT_SYM>, <EMS>, <EXS>, <LENGTH_PX>, <LENGTH_CM>, <LENGTH_MM>, <LENGTH_IN>, <LENGTH_PT>, <LENGTH_PC>, <ANGLE_DEG>, <ANGLE_RAD>, <ANGLE_GRAD>, <TIME_MS>, <TIME_S>, <FREQ_HZ>, <FREQ_KHZ>, <PERCENTAGE>, <DIMENSION>, <URI>, <FUNCTION>, "}", ";", "/", "-".)
Feb 06, 2016 2:16:22 PM com.gargoylesoftware.htmlunit.DefaultCssErrorHandler warning
WARNING: CSS warning: 'http://www.google.co.in/search?hl=en-IN&source=hp&biw=&bih=&q=selenium&gbv=2&oq=selenium&gs_l=heirloom-hp.12...0.0.0.10.0.0.0.0.0.0.0.0..0.0....0...1ac..34.heirloom-hp..0.0.0.dYmn2e3urEs' [1:1419] Ignoring the following declarations in this rule.
Feb 06, 2016 2:16:22 PM com.gargoylesoftware.htmlunit.DefaultCssErrorHandler error
WARNING: CSS error: 'http://www.google.co.in/search?hl=en-IN&source=hp&biw=&bih=&q=selenium&gbv=2&oq=selenium&gs_l=heirloom-hp.12...0.0.0.10.0.0.0.0.0.0.0.0..0.0....0...1ac..34.heirloom-hp..0.0.0.dYmn2e3urEs' [1:2203] Error in style rule. (Invalid token "*". Was expecting one of: <EOF>, <S>, <IDENT>, "}", ";".)
Feb 06, 2016 2:16:22 PM com.gargoylesoftware.htmlunit.DefaultCssErrorHandler warning
WARNING: CSS warning: 'http://www.google.co.in/search?hl=en-IN&source=hp&biw=&bih=&q=selenium&gbv=2&oq=selenium&gs_l=heirloom-hp.12...0.0.0.10.0.0.0.0.0.0.0.0..0.0....0...1ac..34.heirloom-hp..0.0.0.dYmn2e3urEs' [1:2203] Ignoring the following declarations in this rule.
Feb 06, 2016 2:16:22 PM com.gargoylesoftware.htmlunit.DefaultCssErrorHandler error
WARNING: CSS error: 'http://www.google.co.in/search?hl=en-IN&source=hp&biw=&bih=&q=selenium&gbv=2&oq=selenium&gs_l=heirloom-hp.12...0.0.0.10.0.0.0.0.0.0.0.0..0.0....0...1ac..34.heirloom-hp..0.0.0.dYmn2e3urEs' [1:2543] Error in style rule. (Invalid token "*". Was expecting one of: <EOF>, <S>, <IDENT>, "}", ";".)
Feb 06, 2016 2:16:22 PM com.gargoylesoftware.htmlunit.DefaultCssErrorHandler warning
WARNING: CSS warning: 'http://www.google.co.in/search?hl=en-IN&source=hp&biw=&bih=&q=selenium&gbv=2&oq=selenium&gs_l=heirloom-hp.12...0.0.0.10.0.0.0.0.0.0.0.0..0.0....0...1ac..34.heirloom-hp..0.0.0.dYmn2e3urEs' [1:2543] Ignoring the following declarations in this rule.
Feb 06, 2016 2:16:22 PM com.gargoylesoftware.htmlunit.DefaultCssErrorHandler error
WARNING: CSS error: 'http://www.google.co.in/search?hl=en-IN&source=hp&biw=&bih=&q=selenium&gbv=2&oq=selenium&gs_l=heirloom-hp.12...0.0.0.10.0.0.0.0.0.0.0.0..0.0....0...1ac..34.heirloom-hp..0.0.0.dYmn2e3urEs' [1:2616] Error in style rule. (Invalid token "*". Was expecting one of: <EOF>, <S>, <IDENT>, "}", ";".)
Feb 06, 2016 2:16:22 PM com.gargoylesoftware.htmlunit.DefaultCssErrorHandler warning
WARNING: CSS warning: 'http://www.google.co.in/search?hl=en-IN&source=hp&biw=&bih=&q=selenium&gbv=2&oq=selenium&gs_l=heirloom-hp.12...0.0.0.10.0.0.0.0.0.0.0.0..0.0....0...1ac..34.heirloom-hp..0.0.0.dYmn2e3urEs' [1:2616] Ignoring the following declarations in this rule.
Feb 06, 2016 2:16:22 PM com.gargoylesoftware.htmlunit.DefaultCssErrorHandler error
WARNING: CSS error: 'http://www.google.co.in/search?hl=en-IN&source=hp&biw=&bih=&q=selenium&gbv=2&oq=selenium&gs_l=heirloom-hp.12...0.0.0.10.0.0.0.0.0.0.0.0..0.0....0...1ac..34.heirloom-hp..0.0.0.dYmn2e3urEs' [1:3194] Error in style rule. (Invalid token "*". Was expecting one of: <EOF>, <S>, <IDENT>, "}", ";".)
Feb 06, 2016 2:16:22 PM com.gargoylesoftware.htmlunit.DefaultCssErrorHandler warning
WARNING: CSS warning: 'http://www.google.co.in/search?hl=en-IN&source=hp&biw=&bih=&q=selenium&gbv=2&oq=selenium&gs_l=heirloom-hp.12...0.0.0.10.0.0.0.0.0.0.0.0..0.0....0...1ac..34.heirloom-hp..0.0.0.dYmn2e3urEs' [1:3194] Ignoring the following declarations in this rule.
Feb 06, 2016 2:16:22 PM com.gargoylesoftware.htmlunit.DefaultCssErrorHandler error
WARNING: CSS error: 'http://www.google.co.in/search?hl=en-IN&source=hp&biw=&bih=&q=selenium&gbv=2&oq=selenium&gs_l=heirloom-hp.12...0.0.0.10.0.0.0.0.0.0.0.0..0.0....0...1ac..34.heirloom-hp..0.0.0.dYmn2e3urEs' [1:3701] Error in style rule. (Invalid token "*". Was expecting one of: <EOF>, <S>, <IDENT>, "}", ";".)
Feb 06, 2016 2:16:22 PM com.gargoylesoftware.htmlunit.DefaultCssErrorHandler warning
WARNING: CSS warning: 'http://www.google.co.in/search?hl=en-IN&source=hp&biw=&bih=&q=selenium&gbv=2&oq=selenium&gs_l=heirloom-hp.12...0.0.0.10.0.0.0.0.0.0.0.0..0.0....0...1ac..34.heirloom-hp..0.0.0.dYmn2e3urEs' [1:3701] Ignoring the following declarations in this rule.
Feb 06, 2016 2:16:22 PM com.gargoylesoftware.htmlunit.DefaultCssErrorHandler error
WARNING: CSS error: 'http://www.google.co.in/search?hl=en-IN&source=hp&biw=&bih=&q=selenium&gbv=2&oq=selenium&gs_l=heirloom-hp.12...0.0.0.10.0.0.0.0.0.0.0.0..0.0....0...1ac..34.heirloom-hp..0.0.0.dYmn2e3urEs' [1:3761] Error in style rule. (Invalid token "*". Was expecting one of: <EOF>, <S>, <IDENT>, "}", ";".)
Feb 06, 2016 2:16:22 PM com.gargoylesoftware.htmlunit.DefaultCssErrorHandler warning
WARNING: CSS warning: 'http://www.google.co.in/search?hl=en-IN&source=hp&biw=&bih=&q=selenium&gbv=2&oq=selenium&gs_l=heirloom-hp.12...0.0.0.10.0.0.0.0.0.0.0.0..0.0....0...1ac..34.heirloom-hp..0.0.0.dYmn2e3urEs' [1:3761] Ignoring the following declarations in this rule.
Feb 06, 2016 2:16:22 PM com.gargoylesoftware.htmlunit.DefaultCssErrorHandler error
WARNING: CSS error: 'http://www.google.co.in/search?hl=en-IN&source=hp&biw=&bih=&q=selenium&gbv=2&oq=selenium&gs_l=heirloom-hp.12...0.0.0.10.0.0.0.0.0.0.0.0..0.0....0...1ac..34.heirloom-hp..0.0.0.dYmn2e3urEs' [1:4196] Error in style rule. (Invalid token "*". Was expecting one of: <EOF>, <S>, <IDENT>, "}", ";".)
Feb 06, 2016 2:16:22 PM com.gargoylesoftware.htmlunit.DefaultCssErrorHandler warning
WARNING: CSS warning: 'http://www.google.co.in/search?hl=en-IN&source=hp&biw=&bih=&q=selenium&gbv=2&oq=selenium&gs_l=heirloom-hp.12...0.0.0.10.0.0.0.0.0.0.0.0..0.0....0...1ac..34.heirloom-hp..0.0.0.dYmn2e3urEs' [1:4196] Ignoring the following declarations in this rule.
Feb 06, 2016 2:16:22 PM com.gargoylesoftware.htmlunit.DefaultCssErrorHandler error
WARNING: CSS error: 'http://www.google.co.in/search?hl=en-IN&source=hp&biw=&bih=&q=selenium&gbv=2&oq=selenium&gs_l=heirloom-hp.12...0.0.0.10.0.0.0.0.0.0.0.0..0.0....0...1ac..34.heirloom-hp..0.0.0.dYmn2e3urEs' [1:4960] Error in style rule. (Invalid token "*". Was expecting one of: <EOF>, <S>, <IDENT>, "}", ";".)
Feb 06, 2016 2:16:22 PM com.gargoylesoftware.htmlunit.DefaultCssErrorHandler warning
WARNING: CSS warning: 'http://www.google.co.in/search?hl=en-IN&source=hp&biw=&bih=&q=selenium&gbv=2&oq=selenium&gs_l=heirloom-hp.12...0.0.0.10.0.0.0.0.0.0.0.0..0.0....0...1ac..34.heirloom-hp..0.0.0.dYmn2e3urEs' [1:4960] Ignoring the following declarations in this rule.
Feb 06, 2016 2:16:22 PM com.gargoylesoftware.htmlunit.DefaultCssErrorHandler error
WARNING: CSS error: 'http://www.google.co.in/search?hl=en-IN&source=hp&biw=&bih=&q=selenium&gbv=2&oq=selenium&gs_l=heirloom-hp.12...0.0.0.10.0.0.0.0.0.0.0.0..0.0....0...1ac..34.heirloom-hp..0.0.0.dYmn2e3urEs' [1:6103] Error in style rule. (Invalid token "*". Was expecting one of: <EOF>, <S>, <IDENT>, "}", ";".)
Feb 06, 2016 2:16:22 PM com.gargoylesoftware.htmlunit.DefaultCssErrorHandler warning
WARNING: CSS warning: 'http://www.google.co.in/search?hl=en-IN&source=hp&biw=&bih=&q=selenium&gbv=2&oq=selenium&gs_l=heirloom-hp.12...0.0.0.10.0.0.0.0.0.0.0.0..0.0....0...1ac..34.heirloom-hp..0.0.0.dYmn2e3urEs' [1:6103] Ignoring the following declarations in this rule.
Feb 06, 2016 2:16:22 PM com.gargoylesoftware.htmlunit.DefaultCssErrorHandler error
WARNING: CSS error: 'http://www.google.co.in/search?hl=en-IN&source=hp&biw=&bih=&q=selenium&gbv=2&oq=selenium&gs_l=heirloom-hp.12...0.0.0.10.0.0.0.0.0.0.0.0..0.0....0...1ac..34.heirloom-hp..0.0.0.dYmn2e3urEs' [1:6338] Error in style rule. (Invalid token "*". Was expecting one of: <EOF>, <S>, <IDENT>, "}", ";".)
Feb 06, 2016 2:16:22 PM com.gargoylesoftware.htmlunit.DefaultCssErrorHandler warning
WARNING: CSS warning: 'http://www.google.co.in/search?hl=en-IN&source=hp&biw=&bih=&q=selenium&gbv=2&oq=selenium&gs_l=heirloom-hp.12...0.0.0.10.0.0.0.0.0.0.0.0..0.0....0...1ac..34.heirloom-hp..0.0.0.dYmn2e3urEs' [1:6338] Ignoring the following declarations in this rule.
Feb 06, 2016 2:16:22 PM com.gargoylesoftware.htmlunit.DefaultCssErrorHandler error
WARNING: CSS error: 'http://www.google.co.in/search?hl=en-IN&source=hp&biw=&bih=&q=selenium&gbv=2&oq=selenium&gs_l=heirloom-hp.12...0.0.0.10.0.0.0.0.0.0.0.0..0.0....0...1ac..34.heirloom-hp..0.0.0.dYmn2e3urEs' [1:6781] Error in style rule. (Invalid token "*". Was expecting one of: <EOF>, <S>, <IDENT>, "}", ";".)
Feb 06, 2016 2:16:22 PM com.gargoylesoftware.htmlunit.DefaultCssErrorHandler warning
WARNING: CSS warning: 'http://www.google.co.in/search?hl=en-IN&source=hp&biw=&bih=&q=selenium&gbv=2&oq=selenium&gs_l=heirloom-hp.12...0.0.0.10.0.0.0.0.0.0.0.0..0.0....0...1ac..34.heirloom-hp..0.0.0.dYmn2e3urEs' [1:6781] Ignoring the following declarations in this rule.
Feb 06, 2016 2:16:22 PM com.gargoylesoftware.htmlunit.DefaultCssErrorHandler error
WARNING: CSS error: 'http://www.google.co.in/search?hl=en-IN&source=hp&biw=&bih=&q=selenium&gbv=2&oq=selenium&gs_l=heirloom-hp.12...0.0.0.10.0.0.0.0.0.0.0.0..0.0....0...1ac..34.heirloom-hp..0.0.0.dYmn2e3urEs' [1:6938] Error in style rule. (Invalid token "*". Was expecting one of: <EOF>, <S>, <IDENT>, "}", ";".)
Feb 06, 2016 2:16:22 PM com.gargoylesoftware.htmlunit.DefaultCssErrorHandler warning
WARNING: CSS warning: 'http://www.google.co.in/search?hl=en-IN&source=hp&biw=&bih=&q=selenium&gbv=2&oq=selenium&gs_l=heirloom-hp.12...0.0.0.10.0.0.0.0.0.0.0.0..0.0....0...1ac..34.heirloom-hp..0.0.0.dYmn2e3urEs' [1:6938] Ignoring the following declarations in this rule.
Feb 06, 2016 2:16:22 PM com.gargoylesoftware.htmlunit.DefaultCssErrorHandler error
WARNING: CSS error: 'http://www.google.co.in/search?hl=en-IN&source=hp&biw=&bih=&q=selenium&gbv=2&oq=selenium&gs_l=heirloom-hp.12...0.0.0.10.0.0.0.0.0.0.0.0..0.0....0...1ac..34.heirloom-hp..0.0.0.dYmn2e3urEs' [1:7010] Error in style rule. (Invalid token "*". Was expecting one of: <EOF>, <S>, <IDENT>, "}", ";".)
Feb 06, 2016 2:16:22 PM com.gargoylesoftware.htmlunit.DefaultCssErrorHandler warning
WARNING: CSS warning: 'http://www.google.co.in/search?hl=en-IN&source=hp&biw=&bih=&q=selenium&gbv=2&oq=selenium&gs_l=heirloom-hp.12...0.0.0.10.0.0.0.0.0.0.0.0..0.0....0...1ac..34.heirloom-hp..0.0.0.dYmn2e3urEs' [1:7010] Ignoring the following declarations in this rule.
Feb 06, 2016 2:16:22 PM com.gargoylesoftware.htmlunit.DefaultCssErrorHandler error
WARNING: CSS error: 'http://www.google.co.in/search?hl=en-IN&source=hp&biw=&bih=&q=selenium&gbv=2&oq=selenium&gs_l=heirloom-hp.12...0.0.0.10.0.0.0.0.0.0.0.0..0.0....0...1ac..34.heirloom-hp..0.0.0.dYmn2e3urEs' [1:7352] Error in style rule. (Invalid token "*". Was expecting one of: <EOF>, <S>, <IDENT>, "}", ";".)
Feb 06, 2016 2:16:22 PM com.gargoylesoftware.htmlunit.DefaultCssErrorHandler warning
WARNING: CSS warning: 'http://www.google.co.in/search?hl=en-IN&source=hp&biw=&bih=&q=selenium&gbv=2&oq=selenium&gs_l=heirloom-hp.12...0.0.0.10.0.0.0.0.0.0.0.0..0.0....0...1ac..34.heirloom-hp..0.0.0.dYmn2e3urEs' [1:7352] Ignoring the following declarations in this rule.
Feb 06, 2016 2:16:22 PM com.gargoylesoftware.htmlunit.DefaultCssErrorHandler error
WARNING: CSS error: 'http://www.google.co.in/search?hl=en-IN&source=hp&biw=&bih=&q=selenium&gbv=2&oq=selenium&gs_l=heirloom-hp.12...0.0.0.10.0.0.0.0.0.0.0.0..0.0....0...1ac..34.heirloom-hp..0.0.0.dYmn2e3urEs' [1:7873] Error in style rule. (Invalid token "*". Was expecting one of: <EOF>, <S>, <IDENT>, "}", ";".)
Feb 06, 2016 2:16:22 PM com.gargoylesoftware.htmlunit.DefaultCssErrorHandler warning
WARNING: CSS warning: 'http://www.google.co.in/search?hl=en-IN&source=hp&biw=&bih=&q=selenium&gbv=2&oq=selenium&gs_l=heirloom-hp.12...0.0.0.10.0.0.0.0.0.0.0.0..0.0....0...1ac..34.heirloom-hp..0.0.0.dYmn2e3urEs' [1:7873] Ignoring the following declarations in this rule.
Feb 06, 2016 2:16:22 PM com.gargoylesoftware.htmlunit.DefaultCssErrorHandler error
WARNING: CSS error: 'http://www.google.co.in/search?hl=en-IN&source=hp&biw=&bih=&q=selenium&gbv=2&oq=selenium&gs_l=heirloom-hp.12...0.0.0.10.0.0.0.0.0.0.0.0..0.0....0...1ac..34.heirloom-hp..0.0.0.dYmn2e3urEs' [1:9035] Error in expression. (Invalid token "from(". Was expecting one of: <S>, <NUMBER>, <IDENT>, <STRING>, <PLUS>, <COMMA>, <EMS>, <EXS>, <LENGTH_PX>, <LENGTH_CM>, <LENGTH_MM>, <LENGTH_IN>, <LENGTH_PT>, <LENGTH_PC>, <ANGLE_DEG>, <ANGLE_RAD>, <ANGLE_GRAD>, <TIME_MS>, <TIME_S>, <FREQ_HZ>, <FREQ_KHZ>, <PERCENTAGE>, <URI>, "-", "=", ")".)
Feb 06, 2016 2:16:22 PM com.gargoylesoftware.htmlunit.DefaultCssErrorHandler error
WARNING: CSS error: 'http://www.google.co.in/search?hl=en-IN&source=hp&biw=&bih=&q=selenium&gbv=2&oq=selenium&gs_l=heirloom-hp.12...0.0.0.10.0.0.0.0.0.0.0.0..0.0....0...1ac..34.heirloom-hp..0.0.0.dYmn2e3urEs' [1:9062] Error in style rule. (Invalid token "background-image". Was expecting one of: <EOF>, "}", ";".)
Feb 06, 2016 2:16:22 PM com.gargoylesoftware.htmlunit.DefaultCssErrorHandler warning
WARNING: CSS warning: 'http://www.google.co.in/search?hl=en-IN&source=hp&biw=&bih=&q=selenium&gbv=2&oq=selenium&gs_l=heirloom-hp.12...0.0.0.10.0.0.0.0.0.0.0.0..0.0....0...1ac..34.heirloom-hp..0.0.0.dYmn2e3urEs' [1:9062] Ignoring the following declarations in this rule.
Feb 06, 2016 2:16:22 PM com.gargoylesoftware.htmlunit.DefaultCssErrorHandler error
WARNING: CSS error: 'http://www.google.co.in/search?hl=en-IN&source=hp&biw=&bih=&q=selenium&gbv=2&oq=selenium&gs_l=heirloom-hp.12...0.0.0.10.0.0.0.0.0.0.0.0..0.0....0...1ac..34.heirloom-hp..0.0.0.dYmn2e3urEs' [1:9691] Error in expression. (Invalid token "from(". Was expecting one of: <S>, <NUMBER>, <IDENT>, <STRING>, <PLUS>, <COMMA>, <EMS>, <EXS>, <LENGTH_PX>, <LENGTH_CM>, <LENGTH_MM>, <LENGTH_IN>, <LENGTH_PT>, <LENGTH_PC>, <ANGLE_DEG>, <ANGLE_RAD>, <ANGLE_GRAD>, <TIME_MS>, <TIME_S>, <FREQ_HZ>, <FREQ_KHZ>, <PERCENTAGE>, <URI>, "-", "=", ")".)
Feb 06, 2016 2:16:22 PM com.gargoylesoftware.htmlunit.DefaultCssErrorHandler error
WARNING: CSS error: 'http://www.google.co.in/search?hl=en-IN&source=hp&biw=&bih=&q=selenium&gbv=2&oq=selenium&gs_l=heirloom-hp.12...0.0.0.10.0.0.0.0.0.0.0.0..0.0....0...1ac..34.heirloom-hp..0.0.0.dYmn2e3urEs' [1:9718] Error in style rule. (Invalid token "background-image". Was expecting one of: <EOF>, "}", ";".)
Feb 06, 2016 2:16:22 PM com.gargoylesoftware.htmlunit.DefaultCssErrorHandler warning
WARNING: CSS warning: 'http://www.google.co.in/search?hl=en-IN&source=hp&biw=&bih=&q=selenium&gbv=2&oq=selenium&gs_l=heirloom-hp.12...0.0.0.10.0.0.0.0.0.0.0.0..0.0....0...1ac..34.heirloom-hp..0.0.0.dYmn2e3urEs' [1:9718] Ignoring the following declarations in this rule.
Feb 06, 2016 2:16:22 PM com.gargoylesoftware.htmlunit.DefaultCssErrorHandler error
WARNING: CSS error: 'http://www.google.co.in/search?hl=en-IN&source=hp&biw=&bih=&q=selenium&gbv=2&oq=selenium&gs_l=heirloom-hp.12...0.0.0.10.0.0.0.0.0.0.0.0..0.0....0...1ac..34.heirloom-hp..0.0.0.dYmn2e3urEs' [1:10293] Error in expression. (Invalid token "from(". Was expecting one of: <S>, <NUMBER>, <IDENT>, <STRING>, <PLUS>, <COMMA>, <EMS>, <EXS>, <LENGTH_PX>, <LENGTH_CM>, <LENGTH_MM>, <LENGTH_IN>, <LENGTH_PT>, <LENGTH_PC>, <ANGLE_DEG>, <ANGLE_RAD>, <ANGLE_GRAD>, <TIME_MS>, <TIME_S>, <FREQ_HZ>, <FREQ_KHZ>, <PERCENTAGE>, <URI>, "-", "=", ")".)
Feb 06, 2016 2:16:22 PM com.gargoylesoftware.htmlunit.DefaultCssErrorHandler error
WARNING: CSS error: 'http://www.google.co.in/search?hl=en-IN&source=hp&biw=&bih=&q=selenium&gbv=2&oq=selenium&gs_l=heirloom-hp.12...0.0.0.10.0.0.0.0.0.0.0.0..0.0....0...1ac..34.heirloom-hp..0.0.0.dYmn2e3urEs' [1:10320] Error in style rule. (Invalid token "background-image". Was expecting one of: <EOF>, "}", ";".)
Feb 06, 2016 2:16:23 PM com.gargoylesoftware.htmlunit.DefaultCssErrorHandler warning
WARNING: CSS warning: 'http://www.google.co.in/search?hl=en-IN&source=hp&biw=&bih=&q=selenium&gbv=2&oq=selenium&gs_l=heirloom-hp.12...0.0.0.10.0.0.0.0.0.0.0.0..0.0....0...1ac..34.heirloom-hp..0.0.0.dYmn2e3urEs' [1:10320] Ignoring the following declarations in this rule.
Feb 06, 2016 2:16:23 PM com.gargoylesoftware.htmlunit.DefaultCssErrorHandler error
WARNING: CSS error: 'http://www.google.co.in/search?hl=en-IN&source=hp&biw=&bih=&q=selenium&gbv=2&oq=selenium&gs_l=heirloom-hp.12...0.0.0.10.0.0.0.0.0.0.0.0..0.0....0...1ac..34.heirloom-hp..0.0.0.dYmn2e3urEs' [1:10825] Error in expression. (Invalid token "from(". Was expecting one of: <S>, <NUMBER>, <IDENT>, <STRING>, <PLUS>, <COMMA>, <EMS>, <EXS>, <LENGTH_PX>, <LENGTH_CM>, <LENGTH_MM>, <LENGTH_IN>, <LENGTH_PT>, <LENGTH_PC>, <ANGLE_DEG>, <ANGLE_RAD>, <ANGLE_GRAD>, <TIME_MS>, <TIME_S>, <FREQ_HZ>, <FREQ_KHZ>, <PERCENTAGE>, <URI>, "-", "=", ")".)
Feb 06, 2016 2:16:23 PM com.gargoylesoftware.htmlunit.DefaultCssErrorHandler error
WARNING: CSS error: 'http://www.google.co.in/search?hl=en-IN&source=hp&biw=&bih=&q=selenium&gbv=2&oq=selenium&gs_l=heirloom-hp.12...0.0.0.10.0.0.0.0.0.0.0.0..0.0....0...1ac..34.heirloom-hp..0.0.0.dYmn2e3urEs' [1:10852] Error in style rule. (Invalid token "background-image". Was expecting one of: <EOF>, "}", ";".)
Feb 06, 2016 2:16:23 PM com.gargoylesoftware.htmlunit.DefaultCssErrorHandler warning
WARNING: CSS warning: 'http://www.google.co.in/search?hl=en-IN&source=hp&biw=&bih=&q=selenium&gbv=2&oq=selenium&gs_l=heirloom-hp.12...0.0.0.10.0.0.0.0.0.0.0.0..0.0....0...1ac..34.heirloom-hp..0.0.0.dYmn2e3urEs' [1:10852] Ignoring the following declarations in this rule.
Feb 06, 2016 2:16:23 PM com.gargoylesoftware.htmlunit.DefaultCssErrorHandler error
WARNING: CSS error: 'http://www.google.co.in/search?hl=en-IN&source=hp&biw=&bih=&q=selenium&gbv=2&oq=selenium&gs_l=heirloom-hp.12...0.0.0.10.0.0.0.0.0.0.0.0..0.0....0...1ac..34.heirloom-hp..0.0.0.dYmn2e3urEs' [1:11331] Error in expression. (Invalid token "from(". Was expecting one of: <S>, <NUMBER>, <IDENT>, <STRING>, <PLUS>, <COMMA>, <EMS>, <EXS>, <LENGTH_PX>, <LENGTH_CM>, <LENGTH_MM>, <LENGTH_IN>, <LENGTH_PT>, <LENGTH_PC>, <ANGLE_DEG>, <ANGLE_RAD>, <ANGLE_GRAD>, <TIME_MS>, <TIME_S>, <FREQ_HZ>, <FREQ_KHZ>, <PERCENTAGE>, <URI>, "-", "=", ")".)
Feb 06, 2016 2:16:23 PM com.gargoylesoftware.htmlunit.DefaultCssErrorHandler error
WARNING: CSS error: 'http://www.google.co.in/search?hl=en-IN&source=hp&biw=&bih=&q=selenium&gbv=2&oq=selenium&gs_l=heirloom-hp.12...0.0.0.10.0.0.0.0.0.0.0.0..0.0....0...1ac..34.heirloom-hp..0.0.0.dYmn2e3urEs' [1:11355] Error in style rule. (Invalid token "background-image". Was expecting one of: <EOF>, "}", ";".)
Feb 06, 2016 2:16:23 PM com.gargoylesoftware.htmlunit.DefaultCssErrorHandler warning
WARNING: CSS warning: 'http://www.google.co.in/search?hl=en-IN&source=hp&biw=&bih=&q=selenium&gbv=2&oq=selenium&gs_l=heirloom-hp.12...0.0.0.10.0.0.0.0.0.0.0.0..0.0....0...1ac..34.heirloom-hp..0.0.0.dYmn2e3urEs' [1:11355] Ignoring the following declarations in this rule.
Feb 06, 2016 2:16:23 PM com.gargoylesoftware.htmlunit.DefaultCssErrorHandler error
WARNING: CSS error: 'http://www.google.co.in/search?hl=en-IN&source=hp&biw=&bih=&q=selenium&gbv=2&oq=selenium&gs_l=heirloom-hp.12...0.0.0.10.0.0.0.0.0.0.0.0..0.0....0...1ac..34.heirloom-hp..0.0.0.dYmn2e3urEs' [1:11842] Error in expression. (Invalid token "from(". Was expecting one of: <S>, <NUMBER>, <IDENT>, <STRING>, <PLUS>, <COMMA>, <EMS>, <EXS>, <LENGTH_PX>, <LENGTH_CM>, <LENGTH_MM>, <LENGTH_IN>, <LENGTH_PT>, <LENGTH_PC>, <ANGLE_DEG>, <ANGLE_RAD>, <ANGLE_GRAD>, <TIME_MS>, <TIME_S>, <FREQ_HZ>, <FREQ_KHZ>, <PERCENTAGE>, <URI>, "-", "=", ")".)
Feb 06, 2016 2:16:23 PM com.gargoylesoftware.htmlunit.DefaultCssErrorHandler error
WARNING: CSS error: 'http://www.google.co.in/search?hl=en-IN&source=hp&biw=&bih=&q=selenium&gbv=2&oq=selenium&gs_l=heirloom-hp.12...0.0.0.10.0.0.0.0.0.0.0.0..0.0....0...1ac..34.heirloom-hp..0.0.0.dYmn2e3urEs' [1:11866] Error in style rule. (Invalid token "background-image". Was expecting one of: <EOF>, "}", ";".)
Feb 06, 2016 2:16:23 PM com.gargoylesoftware.htmlunit.DefaultCssErrorHandler warning
WARNING: CSS warning: 'http://www.google.co.in/search?hl=en-IN&source=hp&biw=&bih=&q=selenium&gbv=2&oq=selenium&gs_l=heirloom-hp.12...0.0.0.10.0.0.0.0.0.0.0.0..0.0....0...1ac..34.heirloom-hp..0.0.0.dYmn2e3urEs' [1:11866] Ignoring the following declarations in this rule.
Feb 06, 2016 2:16:23 PM com.gargoylesoftware.htmlunit.DefaultCssErrorHandler error
WARNING: CSS error: 'http://www.google.co.in/search?hl=en-IN&source=hp&biw=&bih=&q=selenium&gbv=2&oq=selenium&gs_l=heirloom-hp.12...0.0.0.10.0.0.0.0.0.0.0.0..0.0....0...1ac..34.heirloom-hp..0.0.0.dYmn2e3urEs' [1:12750] Error in style rule. (Invalid token "*". Was expecting one of: <EOF>, <S>, <IDENT>, "}", ";".)
Feb 06, 2016 2:16:23 PM com.gargoylesoftware.htmlunit.DefaultCssErrorHandler warning
WARNING: CSS warning: 'http://www.google.co.in/search?hl=en-IN&source=hp&biw=&bih=&q=selenium&gbv=2&oq=selenium&gs_l=heirloom-hp.12...0.0.0.10.0.0.0.0.0.0.0.0..0.0....0...1ac..34.heirloom-hp..0.0.0.dYmn2e3urEs' [1:12750] Ignoring the following declarations in this rule.
Feb 06, 2016 2:16:23 PM com.gargoylesoftware.htmlunit.DefaultCssErrorHandler error
WARNING: CSS error: 'http://www.google.co.in/search?hl=en-IN&source=hp&biw=&bih=&q=selenium&gbv=2&oq=selenium&gs_l=heirloom-hp.12...0.0.0.10.0.0.0.0.0.0.0.0..0.0....0...1ac..34.heirloom-hp..0.0.0.dYmn2e3urEs' [1:12876] Error in expression. (Invalid token "color-stop(". Was expecting one of: <S>, <NUMBER>, <IDENT>, <STRING>, <PLUS>, <COMMA>, <EMS>, <EXS>, <LENGTH_PX>, <LENGTH_CM>, <LENGTH_MM>, <LENGTH_IN>, <LENGTH_PT>, <LENGTH_PC>, <ANGLE_DEG>, <ANGLE_RAD>, <ANGLE_GRAD>, <TIME_MS>, <TIME_S>, <FREQ_HZ>, <FREQ_KHZ>, <PERCENTAGE>, <URI>, "-", "=", ")".)
Feb 06, 2016 2:16:23 PM com.gargoylesoftware.htmlunit.DefaultCssErrorHandler error
WARNING: CSS error: 'http://www.google.co.in/search?hl=en-IN&source=hp&biw=&bih=&q=selenium&gbv=2&oq=selenium&gs_l=heirloom-hp.12...0.0.0.10.0.0.0.0.0.0.0.0..0.0....0...1ac..34.heirloom-hp..0.0.0.dYmn2e3urEs' [1:12965] Error in style rule. (Invalid token "left". Was expecting one of: <EOF>, "}", ";".)
Feb 06, 2016 2:16:23 PM com.gargoylesoftware.htmlunit.DefaultCssErrorHandler warning
WARNING: CSS warning: 'http://www.google.co.in/search?hl=en-IN&source=hp&biw=&bih=&q=selenium&gbv=2&oq=selenium&gs_l=heirloom-hp.12...0.0.0.10.0.0.0.0.0.0.0.0..0.0....0...1ac..34.heirloom-hp..0.0.0.dYmn2e3urEs' [1:12965] Ignoring the following declarations in this rule.
Feb 06, 2016 2:16:23 PM com.gargoylesoftware.htmlunit.DefaultCssErrorHandler error
WARNING: CSS error: 'http://www.google.co.in/search?hl=en-IN&source=hp&biw=&bih=&q=selenium&gbv=2&oq=selenium&gs_l=heirloom-hp.12...0.0.0.10.0.0.0.0.0.0.0.0..0.0....0...1ac..34.heirloom-hp..0.0.0.dYmn2e3urEs' [1:13205] Error in expression. (Invalid token "from(". Was expecting one of: <S>, <NUMBER>, <IDENT>, <STRING>, <PLUS>, <COMMA>, <EMS>, <EXS>, <LENGTH_PX>, <LENGTH_CM>, <LENGTH_MM>, <LENGTH_IN>, <LENGTH_PT>, <LENGTH_PC>, <ANGLE_DEG>, <ANGLE_RAD>, <ANGLE_GRAD>, <TIME_MS>, <TIME_S>, <FREQ_HZ>, <FREQ_KHZ>, <PERCENTAGE>, <URI>, "-", "=", ")".)
Feb 06, 2016 2:16:23 PM com.gargoylesoftware.htmlunit.DefaultCssErrorHandler error
WARNING: CSS error: 'http://www.google.co.in/search?hl=en-IN&source=hp&biw=&bih=&q=selenium&gbv=2&oq=selenium&gs_l=heirloom-hp.12...0.0.0.10.0.0.0.0.0.0.0.0..0.0....0...1ac..34.heirloom-hp..0.0.0.dYmn2e3urEs' [1:13245] Error in style rule. (Invalid token "background-image". Was expecting one of: <EOF>, "}", ";".)
Feb 06, 2016 2:16:23 PM com.gargoylesoftware.htmlunit.DefaultCssErrorHandler warning
WARNING: CSS warning: 'http://www.google.co.in/search?hl=en-IN&source=hp&biw=&bih=&q=selenium&gbv=2&oq=selenium&gs_l=heirloom-hp.12...0.0.0.10.0.0.0.0.0.0.0.0..0.0....0...1ac..34.heirloom-hp..0.0.0.dYmn2e3urEs' [1:13245] Ignoring the following declarations in this rule.
Feb 06, 2016 2:16:23 PM com.gargoylesoftware.htmlunit.DefaultCssErrorHandler error
WARNING: CSS error: 'http://www.google.co.in/search?hl=en-IN&source=hp&biw=&bih=&q=selenium&gbv=2&oq=selenium&gs_l=heirloom-hp.12...0.0.0.10.0.0.0.0.0.0.0.0..0.0....0...1ac..34.heirloom-hp..0.0.0.dYmn2e3urEs' [1:13778] Error in expression. (Invalid token "color-stop(". Was expecting one of: <S>, <NUMBER>, <IDENT>, <STRING>, <PLUS>, <COMMA>, <EMS>, <EXS>, <LENGTH_PX>, <LENGTH_CM>, <LENGTH_MM>, <LENGTH_IN>, <LENGTH_PT>, <LENGTH_PC>, <ANGLE_DEG>, <ANGLE_RAD>, <ANGLE_GRAD>, <TIME_MS>, <TIME_S>, <FREQ_HZ>, <FREQ_KHZ>, <PERCENTAGE>, <URI>, "-", "=", ")".)
Feb 06, 2016 2:16:23 PM com.gargoylesoftware.htmlunit.DefaultCssErrorHandler error
WARNING: CSS error: 'http://www.google.co.in/search?hl=en-IN&source=hp&biw=&bih=&q=selenium&gbv=2&oq=selenium&gs_l=heirloom-hp.12...0.0.0.10.0.0.0.0.0.0.0.0..0.0....0...1ac..34.heirloom-hp..0.0.0.dYmn2e3urEs' [1:13867] Error in style rule. (Invalid token "background". Was expecting one of: <EOF>, "}", ";".)
Feb 06, 2016 2:16:23 PM com.gargoylesoftware.htmlunit.DefaultCssErrorHandler warning
WARNING: CSS warning: 'http://www.google.co.in/search?hl=en-IN&source=hp&biw=&bih=&q=selenium&gbv=2&oq=selenium&gs_l=heirloom-hp.12...0.0.0.10.0.0.0.0.0.0.0.0..0.0....0...1ac..34.heirloom-hp..0.0.0.dYmn2e3urEs' [1:13867] Ignoring the following declarations in this rule.
Feb 06, 2016 2:16:23 PM com.gargoylesoftware.htmlunit.DefaultCssErrorHandler error
WARNING: CSS error: 'http://www.google.co.in/search?hl=en-IN&source=hp&biw=&bih=&q=selenium&gbv=2&oq=selenium&gs_l=heirloom-hp.12...0.0.0.10.0.0.0.0.0.0.0.0..0.0....0...1ac..34.heirloom-hp..0.0.0.dYmn2e3urEs' [1:8834] Error in expression. (Invalid token "#4d90fe". Was expecting one of: <S>, <NUMBER>, <IDENT>, <STRING>, <PLUS>, <COMMA>, <EMS>, <EXS>, <LENGTH_PX>, <LENGTH_CM>, <LENGTH_MM>, <LENGTH_IN>, <LENGTH_PT>, <LENGTH_PC>, <ANGLE_DEG>, <ANGLE_RAD>, <ANGLE_GRAD>, <TIME_MS>, <TIME_S>, <FREQ_HZ>, <FREQ_KHZ>, <PERCENTAGE>, <URI>, "-", "=", ")".)
Feb 06, 2016 2:16:23 PM com.gargoylesoftware.htmlunit.DefaultCssErrorHandler error
WARNING: CSS error: 'http://www.google.co.in/search?hl=en-IN&source=hp&biw=&bih=&q=selenium&gbv=2&oq=selenium&gs_l=heirloom-hp.12...0.0.0.10.0.0.0.0.0.0.0.0..0.0....0...1ac..34.heirloom-hp..0.0.0.dYmn2e3urEs' [1:8851] Error in style rule. (Invalid token "background-image". Was expecting one of: <EOF>, "}", ";".)
Feb 06, 2016 2:16:23 PM com.gargoylesoftware.htmlunit.DefaultCssErrorHandler warning
WARNING: CSS warning: 'http://www.google.co.in/search?hl=en-IN&source=hp&biw=&bih=&q=selenium&gbv=2&oq=selenium&gs_l=heirloom-hp.12...0.0.0.10.0.0.0.0.0.0.0.0..0.0....0...1ac..34.heirloom-hp..0.0.0.dYmn2e3urEs' [1:8851] Ignoring the following declarations in this rule.
Feb 06, 2016 2:16:23 PM com.gargoylesoftware.htmlunit.DefaultCssErrorHandler error
WARNING: CSS error: 'http://www.google.co.in/search?hl=en-IN&source=hp&biw=&bih=&q=selenium&gbv=2&oq=selenium&gs_l=heirloom-hp.12...0.0.0.10.0.0.0.0.0.0.0.0..0.0....0...1ac..34.heirloom-hp..0.0.0.dYmn2e3urEs' [1:9316] Error in expression. (Invalid token "#4d90fe". Was expecting one of: <S>, <NUMBER>, <IDENT>, <STRING>, <PLUS>, <COMMA>, <EMS>, <EXS>, <LENGTH_PX>, <LENGTH_CM>, <LENGTH_MM>, <LENGTH_IN>, <LENGTH_PT>, <LENGTH_PC>, <ANGLE_DEG>, <ANGLE_RAD>, <ANGLE_GRAD>, <TIME_MS>, <TIME_S>, <FREQ_HZ>, <FREQ_KHZ>, <PERCENTAGE>, <URI>, "-", "=", ")".)
Feb 06, 2016 2:16:23 PM com.gargoylesoftware.htmlunit.DefaultCssErrorHandler error
WARNING: CSS error: 'http://www.google.co.in/search?hl=en-IN&source=hp&biw=&bih=&q=selenium&gbv=2&oq=selenium&gs_l=heirloom-hp.12...0.0.0.10.0.0.0.0.0.0.0.0..0.0....0...1ac..34.heirloom-hp..0.0.0.dYmn2e3urEs' [1:9333] Error in style rule. (Invalid token "background-image". Was expecting one of: <EOF>, "}", ";".)
Feb 06, 2016 2:16:23 PM com.gargoylesoftware.htmlunit.DefaultCssErrorHandler warning
WARNING: CSS warning: 'http://www.google.co.in/search?hl=en-IN&source=hp&biw=&bih=&q=selenium&gbv=2&oq=selenium&gs_l=heirloom-hp.12...0.0.0.10.0.0.0.0.0.0.0.0..0.0....0...1ac..34.heirloom-hp..0.0.0.dYmn2e3urEs' [1:9333] Ignoring the following declarations in this rule.
Feb 06, 2016 2:16:23 PM com.gargoylesoftware.htmlunit.IncorrectnessListenerImpl notify
WARNING: Obsolete content type encountered: 'text/javascript'.
]]></system-err>
</testsuite>
